<?xml version="1.0" encoding="UTF-8"?>
<!-- Generated by org.testng.reporters.JUnitReportReporter -->
<testsuite hostname="TL0017" failures="0" tests="2" name="testcase.CreateLeadTC" time="76.349" errors="0" timestamp="2023-01-22T12:19:19 IST" skipped="0">
  <testcase classname="testcase.CreateLeadTC" name="runCreate" time="31.066"/>
  <system-out/>
  <testcase classname="testcase.CreateLeadTC" name="runCreate" time="45.283"/>
  <system-out/>
</testsuite> <!-- testcase.CreateLeadTC -->
